{
  "RSpec": {
    "coverage": {
      "/app/app/models/user.rb": {
        "lines": [
          1,
          1,
          null,
          1,
          1,
          null,
          1,
          null,
          1,
          null,
          null,
          1,
          128,
          122,
          null,
          null,
          null,
          1,
          3,
          3,
          null,
          2,
          1,
          1,
          null,
          null,
          1,
          null,
          null,
          null,
          null,
          null,
          null,
          null,
          null,
          1,
          1,
          null,
          null,
          1,
          63,
          null,
          null,
          1,
          null,
          1,
          64,
          61,
          2,
          null,
          null,
          null
        ],
        "branches": {
          "[:if, 0, 13, 4, 13, 75]": {
            "[:then, 1, 13, 4, 13, 16]": 6,
            "[:else, 2, 13, 4, 13, 75]": 122
          },
          "[:if, 3, 20, 4, 20, 30]": {
            "[:then, 4, 20, 4, 20, 14]": 1,
            "[:else, 5, 20, 4, 20, 30]": 2
          },
          "[:if, 6, 23, 6, 23, 124]": {
            "[:then, 7, 23, 6, 23, 81]": 1,
            "[:else, 8, 23, 6, 23, 124]": 0
          },
          "[:if, 9, 22, 4, 25, 7]": {
            "[:then, 10, 23, 6, 24, 17]": 1,
            "[:else, 11, 22, 4, 25, 7]": 1
          },
          "[:if, 12, 36, 4, 36, 68]": {
            "[:then, 13, 36, 4, 36, 27]": 1,
            "[:else, 14, 36, 4, 36, 68]": 0
          },
          "[:if, 15, 37, 4, 37, 26]": {
            "[:then, 16, 37, 16, 37, 20]": 1,
            "[:else, 17, 37, 4, 37, 26]": 0
          },
          "[:if, 18, 47, 4, 47, 29]": {
            "[:then, 19, 47, 4, 47, 10]": 3,
            "[:else, 20, 47, 4, 47, 29]": 61
          },
          "[:unless, 21, 48, 4, 50, 7]": {
            "[:else, 22, 48, 4, 50, 7]": 59,
            "[:then, 23, 49, 6, 49, 81]": 2
          }
        }
      },
      "/app/app/models/application_record.rb": {
        "lines": [
          1,
          1,
          null
        ],
        "branches": {}
      },
      "/app/app/helpers/application_helper.rb": {
        "lines": [
          1,
          null
        ],
        "branches": {}
      },
      "/app/app/helpers/budgets_helper.rb": {
        "lines": [
          1,
          null
        ],
        "branches": {}
      },
      "/app/app/helpers/history_helper.rb": {
        "lines": [
          1,
          null
        ],
        "branches": {}
      },
      "/app/app/helpers/home_helper.rb": {
        "lines": [
          1,
          null
        ],
        "branches": {}
      },
      "/app/app/helpers/main_helper.rb": {
        "lines": [
          1,
          null
        ],
        "branches": {}
      },
      "/app/app/helpers/meta_tags_helper.rb": {
        "lines": [
          1,
          1,
          1,
          null,
          1,
          1,
          1,
          1,
          1,
          1,
          1,
          1,
          1,
          null,
          1,
          1,
          1,
          1,
          1,
          null,
          1,
          null,
          1,
          null,
          null,
          1,
          1,
          null,
          0,
          0,
          null,
          null,
          0,
          0,
          0,
          null,
          null
        ],
        "branches": {
          "[:if, 0, 30, 6, 30, 73]": {
            "[:then, 1, 30, 6, 30, 24]": 0,
            "[:else, 2, 30, 6, 30, 73]": 0
          },
          "[:\"&.\", 3, 33, 67, 33, 80]": {
            "[:then, 4, 33, 67, 33, 80]": 0,
            "[:else, 5, 33, 67, 33, 80]": 0
          },
          "[:\"&.\", 6, 34, 72, 34, 85]": {
            "[:then, 7, 34, 72, 34, 85]": 0,
            "[:else, 8, 34, 72, 34, 85]": 0
          },
          "[:if, 9, 34, 72, 34, 104]": {
            "[:then, 10, 34, 88, 34, 95]": 0,
            "[:else, 11, 34, 98, 34, 104]": 0
          }
        }
      },
      "/app/app/helpers/mypage_helper.rb": {
        "lines": [
          1,
          null
        ],
        "branches": {}
      },
      "/app/app/helpers/searches_helper.rb": {
        "lines": [
          1,
          null
        ],
        "branches": {}
      },
      "/app/app/helpers/sessions_helper.rb": {
        "lines": [
          1,
          null
        ],
        "branches": {}
      },
      "/app/app/helpers/share_helper.rb": {
        "lines": [
          1,
          1,
          0,
          null,
          0,
          null,
          0,
          null,
          null,
          0,
          null,
          null
        ],
        "branches": {}
      },
      "/app/app/controllers/application_controller.rb": {
        "lines": [
          1,
          1,
          1,
          null,
          1,
          null,
          1,
          0,
          0,
          null,
          null,
          1,
          null,
          1,
          57,
          null,
          37,
          37,
          null,
          37,
          37,
          37,
          null,
          37,
          37,
          null,
          37,
          15,
          15,
          null,
          22,
          22,
          null,
          null,
          null,
          1,
          4,
          1,
          null,
          null,
          3,
          3,
          3,
          null,
          1,
          null,
          null
        ],
        "branches": {
          "[:unless, 0, 15, 4, 15, 33]": {
            "[:else, 1, 15, 4, 15, 33]": 37,
            "[:then, 2, 15, 4, 15, 10]": 20
          },
          "[:if, 3, 27, 4, 33, 7]": {
            "[:then, 4, 28, 6, 29, 65]": 15,
            "[:else, 5, 31, 6, 32, 29]": 22
          },
          "[:if, 6, 37, 4, 39, 7]": {
            "[:then, 7, 38, 6, 38, 16]": 1,
            "[:else, 8, 37, 4, 39, 7]": 3
          },
          "[:if, 9, 43, 4, 43, 81]": {
            "[:then, 10, 43, 4, 43, 44]": 2,
            "[:else, 11, 43, 4, 43, 81]": 1
          }
        }
      },
      "/app/app/controllers/history_controller.rb": {
        "lines": [
          1,
          1,
          null,
          1,
          null,
          3,
          3,
          null,
          null,
          3,
          3,
          7,
          7,
          null,
          null,
          3,
          8,
          null,
          null
        ],
        "branches": {
          "[:if, 0, 6, 13, 6, 107]": {
            "[:then, 1, 6, 39, 6, 73]": 1,
            "[:else, 2, 6, 76, 6, 107]": 2
          }
        }
      },
      "/app/app/controllers/main_controller.rb": {
        "lines": [
          1,
          1,
          null,
          1,
          5,
          5,
          null,
          5,
          1,
          1,
          1,
          1,
          null,
          null,
          4,
          4,
          4,
          4,
          4,
          null,
          null,
          null,
          4,
          null,
          null,
          null,
          null,
          null,
          null,
          4,
          null,
          null,
          null,
          null,
          null,
          null,
          4,
          null,
          null,
          null,
          null,
          null,
          4,
          null,
          4,
          3,
          3,
          3,
          3,
          null,
          3,
          3,
          null,
          3,
          null,
          3,
          1,
          2,
          1,
          null,
          1,
          null,
          null,
          null,
          null,
          1,
          6,
          6,
          null,
          6,
          1,
          1,
          null,
          null,
          5,
          1,
          1,
          null,
          null,
          4,
          4,
          4,
          4,
          null,
          4,
          4,
          null,
          4,
          1,
          1,
          null,
          null,
          3,
          2,
          1,
          1,
          null,
          null,
          null,
          2,
          2,
          null,
          null,
          2,
          2,
          null,
          4,
          5,
          null,
          2,
          2,
          null,
          2,
          1,
          1,
          1,
          null,
          null,
          2,
          null,
          1,
          null,
          null,
          1,
          1,
          null,
          1,
          null,
          0,
          0,
          null,
          1,
          null,
          1,
          1,
          1,
          1,
          0,
          0,
          0,
          0,
          0,
          0,
          null,
          null,
          1,
          1,
          1,
          1,
          1,
          1,
          null,
          1,
          1,
          0,
          1,
          1,
          null,
          0,
          null,
          null,
          null,
          1,
          0,
          1,
          0,
          null,
          null,
          1,
          null,
          null,
          null,
          null,
          2,
          null,
          2,
          2,
          2,
          null,
          null
        ],
        "branches": {
          "[:if, 0, 8, 4, 13, 7]": {
            "[:then, 1, 9, 6, 12, 12]": 1,
            "[:else, 2, 8, 4, 13, 7]": 4
          },
          "[:if, 3, 58, 6, 61, 47]": {
            "[:then, 4, 59, 8, 59, 45]": 1,
            "[:else, 5, 61, 8, 61, 47]": 1
          },
          "[:if, 6, 56, 6, 62, 9]": {
            "[:then, 7, 57, 8, 57, 44]": 1,
            "[:else, 8, 58, 6, 61, 47]": 2
          },
          "[:if, 9, 45, 4, 63, 7]": {
            "[:then, 10, 46, 6, 62, 9]": 3,
            "[:else, 11, 45, 4, 63, 7]": 1
          },
          "[:unless, 12, 70, 4, 73, 7]": {
            "[:else, 13, 70, 4, 73, 7]": 5,
            "[:then, 14, 71, 6, 72, 12]": 1
          },
          "[:if, 15, 75, 4, 78, 7]": {
            "[:then, 16, 76, 6, 77, 12]": 1,
            "[:else, 17, 75, 4, 78, 7]": 4
          },
          "[:if, 18, 88, 4, 91, 7]": {
            "[:then, 19, 89, 6, 90, 12]": 1,
            "[:else, 20, 88, 4, 91, 7]": 3
          },
          "[:if, 21, 93, 4, 97, 7]": {
            "[:then, 22, 95, 6, 96, 12]": 1,
            "[:else, 23, 93, 4, 97, 7]": 2
          },
          "[:if, 24, 137, 8, 144, 11]": {
            "[:then, 25, 138, 10, 143, 24]": 0,
            "[:else, 26, 137, 8, 144, 11]": 1
          },
          "[:if, 27, 156, 14, 159, 21]": {
            "[:then, 28, 157, 16, 157, 20]": 1,
            "[:else, 29, 159, 16, 159, 21]": 0
          },
          "[:if, 30, 154, 15, 160, 17]": {
            "[:then, 31, 155, 16, 155, 20]": 0,
            "[:else, 32, 156, 14, 159, 21]": 1
          },
          "[:case, 33, 163, 10, 167, 13]": {
            "[:when, 34, 164, 27, 164, 87]": 0,
            "[:when, 35, 165, 27, 165, 87]": 1,
            "[:when, 36, 166, 27, 166, 87]": 0,
            "[:else, 37, 163, 10, 167, 13]": 0
          },
          "[:if, 38, 164, 27, 164, 87]": {
            "[:then, 39, 164, 50, 164, 69]": 0,
            "[:else, 40, 164, 73, 164, 87]": 0
          },
          "[:if, 41, 165, 27, 165, 87]": {
            "[:then, 42, 165, 50, 165, 69]": 1,
            "[:else, 43, 165, 73, 165, 87]": 0
          },
          "[:if, 44, 166, 27, 166, 87]": {
            "[:then, 45, 166, 50, 166, 70]": 0,
            "[:else, 46, 166, 73, 166, 87]": 0
          },
          "[:if, 47, 127, 6, 170, 9]": {
            "[:then, 48, 129, 8, 130, 57]": 0,
            "[:else, 49, 132, 8, 169, 44]": 1
          },
          "[:if, 50, 119, 4, 171, 7]": {
            "[:then, 51, 121, 6, 121, 79]": 1,
            "[:else, 52, 124, 6, 170, 9]": 1
          }
        }
      },
      "/app/app/models/budget.rb": {
        "lines": [
          1,
          1,
          null,
          1,
          1,
          1,
          1,
          1,
          null,
          1,
          1,
          1,
          1,
          1,
          1,
          null,
          1,
          null,
          1,
          null,
          1,
          34,
          null,
          null,
          1,
          40,
          1,
          null,
          null,
          null,
          1,
          40,
          0,
          40,
          2,
          null,
          null,
          null,
          1,
          40,
          40,
          40,
          1,
          null,
          null,
          null,
          1,
          40,
          6,
          6,
          2,
          null,
          null,
          null,
          1,
          40,
          null,
          40,
          40,
          null,
          40,
          40,
          40,
          40,
          null,
          40,
          3,
          3,
          null,
          null,
          null,
          1,
          40,
          null,
          40,
          40,
          null,
          40,
          40,
          null,
          40,
          null,
          38,
          4,
          null,
          null,
          38,
          1,
          null,
          null,
          null,
          null,
          1,
          86,
          null,
          null,
          1,
          40,
          null,
          null
        ],
        "branches": {
          "[:if, 0, 26, 4, 28, 7]": {
            "[:then, 1, 27, 6, 27, 87]": 1,
            "[:else, 2, 26, 4, 28, 7]": 39
          },
          "[:if, 3, 34, 4, 35, 95]": {
            "[:then, 4, 35, 6, 35, 95]": 2,
            "[:else, 5, 34, 4, 35, 95]": 38
          },
          "[:if, 6, 32, 4, 36, 7]": {
            "[:then, 7, 33, 6, 33, 86]": 0,
            "[:else, 8, 34, 4, 35, 95]": 40
          },
          "[:if, 9, 40, 4, 40, 30]": {
            "[:then, 10, 40, 4, 40, 10]": 0,
            "[:else, 11, 40, 4, 40, 30]": 40
          },
          "[:if, 12, 42, 4, 44, 7]": {
            "[:then, 13, 43, 6, 43, 105]": 1,
            "[:else, 14, 42, 4, 44, 7]": 39
          },
          "[:unless, 15, 48, 4, 48, 45]": {
            "[:else, 16, 48, 4, 48, 45]": 6,
            "[:then, 17, 48, 4, 48, 10]": 34
          },
          "[:if, 18, 50, 4, 52, 7]": {
            "[:then, 19, 51, 6, 51, 120]": 2,
            "[:else, 20, 50, 4, 52, 7]": 4
          },
          "[:unless, 21, 56, 4, 56, 53]": {
            "[:else, 22, 56, 4, 56, 53]": 40,
            "[:then, 23, 56, 4, 56, 10]": 0
          },
          "[:if, 24, 63, 48, 63, 67]": {
            "[:then, 25, 63, 62, 63, 63]": 1,
            "[:else, 26, 63, 66, 63, 67]": 39
          },
          "[:if, 27, 67, 15, 67, 66]": {
            "[:then, 28, 67, 29, 67, 61]": 1,
            "[:else, 29, 67, 64, 67, 66]": 2
          },
          "[:if, 30, 66, 4, 69, 7]": {
            "[:then, 31, 67, 6, 68, 212]": 3,
            "[:else, 32, 66, 4, 69, 7]": 37
          },
          "[:unless, 33, 73, 4, 73, 126]": {
            "[:else, 34, 73, 4, 73, 126]": 40,
            "[:then, 35, 73, 4, 73, 10]": 0
          },
          "[:if, 36, 81, 4, 81, 31]": {
            "[:then, 37, 81, 4, 81, 10]": 2,
            "[:else, 38, 81, 4, 81, 31]": 38
          },
          "[:if, 39, 83, 4, 85, 7]": {
            "[:then, 40, 84, 6, 84, 219]": 4,
            "[:else, 41, 83, 4, 85, 7]": 34
          },
          "[:if, 42, 87, 4, 89, 7]": {
            "[:then, 43, 88, 6, 88, 219]": 1,
            "[:else, 44, 87, 4, 89, 7]": 37
          }
        }
      },
      "/app/app/models/draw.rb": {
        "lines": [
          1,
          1,
          null,
          1,
          1,
          1,
          null
        ],
        "branches": {}
      },
      "/app/app/controllers/home_controller.rb": {
        "lines": [
          1,
          1,
          null,
          null
        ],
        "branches": {}
      },
      "/app/app/controllers/static_controller.rb": {
        "lines": [
          1,
          null,
          1,
          null,
          null,
          1,
          null,
          null,
          1,
          null,
          null
        ],
        "branches": {}
      },
      "/app/app/controllers/searches_controller.rb": {
        "lines": [
          1,
          1,
          null,
          1,
          null,
          null
        ],
        "branches": {}
      },
      "/app/app/controllers/mypage_controller.rb": {
        "lines": [
          1,
          1,
          1,
          null,
          1,
          1,
          1,
          1,
          1,
          1,
          null,
          1,
          0,
          0,
          0,
          null,
          0,
          0,
          null,
          null,
          1,
          1,
          1,
          null,
          null
        ],
        "branches": {
          "[:if, 0, 12, 4, 19, 7]": {
            "[:then, 1, 13, 6, 18, 64]": 0,
            "[:else, 2, 12, 4, 19, 7]": 1
          }
        }
      },
      "/app/app/controllers/budgets_controller.rb": {
        "lines": [
          1,
          1,
          1,
          null,
          1,
          4,
          4,
          null,
          4,
          2,
          null,
          null,
          2,
          1,
          null,
          1,
          null,
          null,
          null,
          1,
          3,
          2,
          2,
          null,
          1,
          null,
          null,
          1,
          5,
          5,
          null,
          5,
          4,
          2,
          null,
          2,
          null,
          null,
          1,
          null,
          null,
          null,
          1,
          3,
          2,
          null,
          1,
          1,
          null,
          null,
          null,
          1,
          null,
          1,
          6,
          null,
          null,
          1,
          8,
          null,
          null,
          1,
          2,
          2,
          2,
          null,
          2,
          2,
          null,
          2,
          2,
          null,
          2,
          2,
          2,
          null,
          2,
          2,
          2,
          null,
          null
        ],
        "branches": {
          "[:if, 0, 9, 4, 11, 7]": {
            "[:then, 1, 10, 5, 10, 57]": 2,
            "[:else, 2, 9, 4, 11, 7]": 2
          },
          "[:if, 3, 13, 4, 17, 7]": {
            "[:then, 4, 14, 6, 14, 34]": 1,
            "[:else, 5, 16, 6, 16, 70]": 1
          },
          "[:unless, 6, 21, 4, 24, 7]": {
            "[:else, 7, 21, 4, 24, 7]": 1,
            "[:then, 8, 22, 6, 23, 12]": 2
          },
          "[:if, 9, 33, 6, 37, 9]": {
            "[:then, 10, 34, 8, 34, 68]": 2,
            "[:else, 11, 36, 8, 36, 70]": 2
          },
          "[:if, 12, 32, 4, 40, 7]": {
            "[:then, 13, 33, 6, 37, 9]": 4,
            "[:else, 14, 39, 6, 39, 48]": 1
          },
          "[:if, 15, 44, 4, 49, 7]": {
            "[:then, 16, 45, 6, 45, 68]": 2,
            "[:else, 17, 47, 6, 48, 49]": 1
          },
          "[:if, 18, 78, 50, 78, 70]": {
            "[:then, 19, 78, 65, 78, 66]": 0,
            "[:else, 20, 78, 69, 78, 70]": 2
          }
        }
      },
      "/app/app/controllers/draws_controller.rb": {
        "lines": [
          1,
          1,
          null,
          1,
          2,
          null,
          1,
          1,
          1,
          1,
          null,
          1,
          null,
          1,
          null,
          null,
          1,
          4,
          3,
          2,
          null,
          1,
          null,
          null,
          null
        ],
        "branches": {
          "[:if, 0, 19, 4, 23, 7]": {
            "[:then, 1, 20, 6, 20, 90]": 2,
            "[:else, 2, 22, 6, 22, 89]": 1
          }
        }
      },
      "/app/app/controllers/contacts_controller.rb": {
        "lines": [
          1,
          1,
          null,
          null,
          1,
          2,
          2,
          2,
          null,
          2,
          1,
          1,
          1,
          null,
          null,
          1,
          null,
          null,
          null,
          null,
          1,
          null,
          null
        ],
        "branches": {
          "[:if, 0, 10, 4, 14, 7]": {
            "[:then, 1, 11, 6, 13, 12]": 1,
            "[:else, 2, 10, 4, 14, 7]": 1
          }
        }
      },
      "/app/app/mailers/contact_mailer.rb": {
        "lines": [
          1,
          1,
          0,
          0,
          0,
          null,
          0,
          null,
          null,
          null,
          null,
          null,
          null
        ],
        "branches": {}
      },
      "/app/app/mailers/application_mailer.rb": {
        "lines": [
          1,
          1,
          1,
          null
        ],
        "branches": {}
      },
      "/app/app/controllers/places_controller.rb": {
        "lines": [
          1,
          null,
          1,
          1,
          null,
          1,
          3,
          3,
          null,
          null,
          3,
          3,
          null,
          null,
          3,
          null,
          null,
          null,
          null,
          null,
          null,
          null,
          null,
          null,
          null,
          null,
          null,
          null,
          3,
          3,
          3,
          3,
          null,
          3,
          3,
          null,
          null,
          3,
          1,
          null,
          null,
          3,
          null,
          1,
          null,
          0,
          0,
          null,
          null
        ],
        "branches": {
          "[:if, 0, 11, 15, 11, 89]": {
            "[:then, 1, 11, 46, 11, 65]": 2,
            "[:else, 2, 11, 68, 11, 89]": 1
          },
          "[:if, 3, 38, 4, 40, 7]": {
            "[:then, 4, 39, 6, 39, 56]": 1,
            "[:else, 5, 38, 4, 40, 7]": 2
          }
        }
      },
      "/app/app/channels/application_cable/channel.rb": {
        "lines": [
          0,
          0,
          0,
          0
        ],
        "branches": {}
      },
      "/app/app/channels/application_cable/connection.rb": {
        "lines": [
          0,
          0,
          0,
          0
        ],
        "branches": {}
      },
      "/app/app/controllers/users/omniauth_callbacks_controller.rb": {
        "lines": [
          0,
          0,
          null,
          0,
          0,
          0,
          0,
          null,
          0,
          null,
          0,
          0,
          0,
          0,
          0,
          0,
          0,
          0,
          null,
          0,
          0,
          0,
          0
        ],
        "branches": {}
      },
      "/app/app/controllers/users/registrations_controller.rb": {
        "lines": [
          0,
          0,
          null,
          0,
          null,
          0,
          0,
          0,
          null,
          null,
          0,
          0,
          0,
          0,
          null,
          null,
          0,
          0,
          null,
          0,
          null,
          0,
          null,
          0,
          0,
          null,
          0,
          0,
          0,
          0,
          0,
          0,
          null,
          null,
          0,
          0,
          0,
          0
        ],
        "branches": {}
      },
      "/app/app/controllers/users/sessions_controller.rb": {
        "lines": [
          0,
          0,
          null,
          0,
          0,
          0,
          0
        ],
        "branches": {}
      },
      "/app/app/jobs/application_job.rb": {
        "lines": [
          0,
          null,
          null,
          null,
          null,
          null,
          0
        ],
        "branches": {}
      },
      "/app/app/mailers/custom_devise_mailer.rb": {
        "lines": [
          0,
          0,
          0,
          null,
          null,
          0,
          0,
          null,
          0,
          0,
          null,
          0,
          0,
          null,
          0,
          0,
          0
        ],
        "branches": {}
      }
    },
    "timestamp": 1755718410
  }
}
